<?xml version="1.0" encoding="UTF-8"?>
<!-- Generated by org.testng.reporters.JUnitReportReporter -->
<testsuite skipped="0" hostname="DESKTOP-D0AT61K" name="com.orangeHRM.testcases.LoginPageTest" tests="1" failures="0" timestamp="2022-04-03T00:34:18 IST" time="8.303" errors="0">
  <testcase name="verifyLogin" time="8.303" classname="com.orangeHRM.testcases.LoginPageTest"/>
  <system-out/>
</testsuite> <!-- com.orangeHRM.testcases.LoginPageTest -->
