<?xml version="1.0" encoding="UTF-8"?>
<!-- Generated by org.testng.reporters.JUnitReportReporter -->
<testsuite skipped="0" hostname="DESKTOP-D0AT61K" name="com.orangeHRM.testcases.LoginPageTest" tests="1" failures="0" timestamp="2022-04-04T13:51:53 IST" time="638.266" errors="0">
  <testcase name="verifyLogin" time="638.266" classname="com.orangeHRM.testcases.LoginPageTest"/>
  <system-out/>
</testsuite> <!-- com.orangeHRM.testcases.LoginPageTest -->
